{"name":"hexo","hostname":"mogaokutongxuedeMacBook-Pro.local","pid":46562,"level":20,"msg":"Hexo version: \u001b[35m3.2.2\u001b[39m","time":"2018-07-15T09:57:39.642Z","v":0}
{"name":"hexo","hostname":"mogaokutongxuedeMacBook-Pro.local","pid":46562,"level":20,"msg":"Working directory: \u001b[35m~/coding/Blog/haoxunwang.github.io/\u001b[39m","time":"2018-07-15T09:57:39.645Z","v":0}
{"name":"hexo","hostname":"mogaokutongxuedeMacBook-Pro.local","pid":46562,"level":20,"msg":"Config loaded: \u001b[35m~/coding/Blog/haoxunwang.github.io/_config.yml\u001b[39m","time":"2018-07-15T09:57:39.811Z","v":0}
{"name":"hexo","hostname":"mogaokutongxuedeMacBook-Pro.local","pid":46562,"level":20,"msg":"Script loaded: \u001b[35mthemes/next/scripts/merge-configs.js\u001b[39m","time":"2018-07-15T09:57:39.826Z","v":0}
{"name":"hexo","hostname":"mogaokutongxuedeMacBook-Pro.local","pid":46562,"level":20,"msg":"Script loaded: \u001b[35mthemes/next/scripts/tags/center-quote.js\u001b[39m","time":"2018-07-15T09:57:39.827Z","v":0}
{"name":"hexo","hostname":"mogaokutongxuedeMacBook-Pro.local","pid":46562,"level":20,"msg":"Script loaded: \u001b[35mthemes/next/scripts/tags/button.js\u001b[39m","time":"2018-07-15T09:57:39.827Z","v":0}
{"name":"hexo","hostname":"mogaokutongxuedeMacBook-Pro.local","pid":46562,"level":20,"msg":"Script loaded: \u001b[35mthemes/next/scripts/tags/exturl.js\u001b[39m","time":"2018-07-15T09:57:39.828Z","v":0}
{"name":"hexo","hostname":"mogaokutongxuedeMacBook-Pro.local","pid":46562,"level":20,"msg":"Script loaded: \u001b[35mthemes/next/scripts/tags/note.js\u001b[39m","time":"2018-07-15T09:57:39.829Z","v":0}
{"name":"hexo","hostname":"mogaokutongxuedeMacBook-Pro.local","pid":46562,"level":20,"msg":"Script loaded: \u001b[35mthemes/next/scripts/tags/full-image.js\u001b[39m","time":"2018-07-15T09:57:39.829Z","v":0}
{"name":"hexo","hostname":"mogaokutongxuedeMacBook-Pro.local","pid":46562,"level":20,"msg":"Plugin loaded: \u001b[35mhexo-deployer-git\u001b[39m","time":"2018-07-15T09:57:39.832Z","v":0}
{"name":"hexo","hostname":"mogaokutongxuedeMacBook-Pro.local","pid":46562,"level":20,"msg":"Script loaded: \u001b[35mthemes/next/scripts/tags/group-pictures.js\u001b[39m","time":"2018-07-15T09:57:39.834Z","v":0}
{"name":"hexo","hostname":"mogaokutongxuedeMacBook-Pro.local","pid":46562,"level":20,"msg":"Plugin loaded: \u001b[35mhexo-generator-archive\u001b[39m","time":"2018-07-15T09:57:39.838Z","v":0}
{"name":"hexo","hostname":"mogaokutongxuedeMacBook-Pro.local","pid":46562,"level":20,"msg":"Plugin loaded: \u001b[35mhexo-generator-index\u001b[39m","time":"2018-07-15T09:57:39.841Z","v":0}
{"name":"hexo","hostname":"mogaokutongxuedeMacBook-Pro.local","pid":46562,"level":20,"msg":"Plugin loaded: \u001b[35mhexo-generator-category\u001b[39m","time":"2018-07-15T09:57:39.843Z","v":0}
{"name":"hexo","hostname":"mogaokutongxuedeMacBook-Pro.local","pid":46562,"level":20,"msg":"Plugin loaded: \u001b[35mhexo-generator-tag\u001b[39m","time":"2018-07-15T09:57:39.844Z","v":0}
{"name":"hexo","hostname":"mogaokutongxuedeMacBook-Pro.local","pid":46562,"level":20,"msg":"Plugin loaded: \u001b[35mhexo-renderer-ejs\u001b[39m","time":"2018-07-15T09:57:39.849Z","v":0}
{"name":"hexo","hostname":"mogaokutongxuedeMacBook-Pro.local","pid":46562,"level":20,"msg":"Plugin loaded: \u001b[35mhexo-renderer-marked\u001b[39m","time":"2018-07-15T09:57:39.856Z","v":0}
{"name":"hexo","hostname":"mogaokutongxuedeMacBook-Pro.local","pid":46562,"level":20,"msg":"Plugin loaded: \u001b[35mhexo-renderer-stylus\u001b[39m","time":"2018-07-15T09:57:39.857Z","v":0}
{"name":"hexo","hostname":"mogaokutongxuedeMacBook-Pro.local","pid":46562,"level":20,"msg":"Plugin loaded: \u001b[35mhexo-server\u001b[39m","time":"2018-07-15T09:57:39.955Z","v":0}
{"name":"hexo","hostname":"mogaokutongxuedeMacBook-Pro.local","pid":46562,"level":20,"msg":"Database saved","time":"2018-07-15T09:57:39.961Z","v":0}
{"name":"hexo","hostname":"localhost","pid":268,"level":20,"msg":"Hexo version: \u001b[35m3.2.2\u001b[39m","time":"2019-11-24T15:38:31.874Z","v":0}
{"name":"hexo","hostname":"localhost","pid":268,"level":20,"msg":"Working directory: \u001b[35m~/coding/Blog/haoxunwang.github.io/\u001b[39m","time":"2019-11-24T15:38:31.877Z","v":0}
{"name":"hexo","hostname":"localhost","pid":268,"level":20,"msg":"Config loaded: \u001b[35m~/coding/Blog/haoxunwang.github.io/_config.yml\u001b[39m","time":"2019-11-24T15:38:32.036Z","v":0}
{"name":"hexo","hostname":"localhost","pid":268,"level":20,"msg":"Plugin loaded: \u001b[35mhexo-renderer-ejs\u001b[39m","time":"2019-11-24T15:38:32.058Z","v":0}
{"name":"hexo","hostname":"localhost","pid":268,"level":20,"msg":"Plugin loaded: \u001b[35mhexo-generator-index\u001b[39m","time":"2019-11-24T15:38:32.061Z","v":0}
{"name":"hexo","hostname":"localhost","pid":268,"level":20,"msg":"Plugin loaded: \u001b[35mhexo-generator-tag\u001b[39m","time":"2019-11-24T15:38:32.063Z","v":0}
{"name":"hexo","hostname":"localhost","pid":268,"level":20,"msg":"Plugin loaded: \u001b[35mhexo-deployer-git\u001b[39m","time":"2019-11-24T15:38:32.065Z","v":0}
{"name":"hexo","hostname":"localhost","pid":268,"level":20,"msg":"Plugin loaded: \u001b[35mhexo-generator-category\u001b[39m","time":"2019-11-24T15:38:32.068Z","v":0}
{"name":"hexo","hostname":"localhost","pid":268,"level":20,"msg":"Plugin loaded: \u001b[35mhexo-renderer-marked\u001b[39m","time":"2019-11-24T15:38:32.080Z","v":0}
{"name":"hexo","hostname":"localhost","pid":268,"level":20,"msg":"Plugin loaded: \u001b[35mhexo-renderer-stylus\u001b[39m","time":"2019-11-24T15:38:32.082Z","v":0}
{"name":"hexo","hostname":"localhost","pid":268,"level":20,"msg":"Plugin loaded: \u001b[35mhexo-generator-archive\u001b[39m","time":"2019-11-24T15:38:32.087Z","v":0}
{"name":"hexo","hostname":"localhost","pid":268,"level":20,"msg":"Plugin loaded: \u001b[35mhexo-server\u001b[39m","time":"2019-11-24T15:38:32.167Z","v":0}
{"name":"hexo","hostname":"localhost","pid":268,"level":20,"msg":"Script loaded: \u001b[35mthemes/next/scripts/tags/center-quote.js\u001b[39m","time":"2019-11-24T15:38:32.168Z","v":0}
{"name":"hexo","hostname":"localhost","pid":268,"level":20,"msg":"Script loaded: \u001b[35mthemes/next/scripts/tags/full-image.js\u001b[39m","time":"2019-11-24T15:38:32.168Z","v":0}
{"name":"hexo","hostname":"localhost","pid":268,"level":20,"msg":"Script loaded: \u001b[35mthemes/next/scripts/merge-configs.js\u001b[39m","time":"2019-11-24T15:38:32.169Z","v":0}
{"name":"hexo","hostname":"localhost","pid":268,"level":20,"msg":"Script loaded: \u001b[35mthemes/next/scripts/tags/button.js\u001b[39m","time":"2019-11-24T15:38:32.169Z","v":0}
{"name":"hexo","hostname":"localhost","pid":268,"level":20,"msg":"Script loaded: \u001b[35mthemes/next/scripts/tags/note.js\u001b[39m","time":"2019-11-24T15:38:32.170Z","v":0}
{"name":"hexo","hostname":"localhost","pid":268,"level":20,"msg":"Script loaded: \u001b[35mthemes/next/scripts/tags/group-pictures.js\u001b[39m","time":"2019-11-24T15:38:32.171Z","v":0}
{"name":"hexo","hostname":"localhost","pid":268,"level":20,"msg":"Script loaded: \u001b[35mthemes/next/scripts/tags/exturl.js\u001b[39m","time":"2019-11-24T15:38:32.171Z","v":0}
{"name":"hexo","hostname":"localhost","pid":268,"level":20,"msg":"Loading database.","time":"2019-11-24T15:38:32.179Z","v":0}
{"name":"hexo","hostname":"localhost","pid":268,"level":30,"msg":"Start processing","time":"2019-11-24T15:38:32.271Z","v":0}
{"name":"hexo","hostname":"localhost","pid":268,"level":20,"msg":"Processed: \u001b[35mCNAME\u001b[39m","time":"2019-11-24T15:38:32.331Z","v":0}
{"name":"hexo","hostname":"localhost","pid":268,"level":20,"msg":"Processed: \u001b[35mdebug.log\u001b[39m","time":"2019-11-24T15:38:32.352Z","v":0}
{"name":"hexo","hostname":"localhost","pid":268,"level":20,"msg":"Processed: \u001b[35mabout/index.md\u001b[39m","time":"2019-11-24T15:38:32.402Z","v":0}
{"name":"hexo","hostname":"localhost","pid":268,"level":20,"msg":"Processed: \u001b[35m_posts/Android-Studio创建和导入新项目时，卡在等待进度条.md\u001b[39m","time":"2019-11-24T15:38:32.402Z","v":0}
{"name":"hexo","hostname":"localhost","pid":268,"level":20,"msg":"Processed: \u001b[35m_posts/Android-Studio那些错误的问题们.md\u001b[39m","time":"2019-11-24T15:38:32.402Z","v":0}
{"name":"hexo","hostname":"localhost","pid":268,"level":20,"msg":"Processed: \u001b[35m_posts/Android-native和js简单交互.md\u001b[39m","time":"2019-11-24T15:38:32.403Z","v":0}
{"name":"hexo","hostname":"localhost","pid":268,"level":20,"msg":"Processed: \u001b[35m_posts/Github-Tips之Git.md\u001b[39m","time":"2019-11-24T15:38:32.403Z","v":0}
{"name":"hexo","hostname":"localhost","pid":268,"level":20,"msg":"Processed: \u001b[35m_posts/Android-studio断点调试高级技巧总结.md\u001b[39m","time":"2019-11-24T15:38:32.403Z","v":0}
{"name":"hexo","hostname":"localhost","pid":268,"level":20,"msg":"Processed: \u001b[35m_posts/Android6-0动态权限处理.md\u001b[39m","time":"2019-11-24T15:38:32.403Z","v":0}
{"name":"hexo","hostname":"localhost","pid":268,"level":20,"msg":"Processed: \u001b[35m_posts/Android图片压缩.md\u001b[39m","time":"2019-11-24T15:38:32.403Z","v":0}
{"name":"hexo","hostname":"localhost","pid":268,"level":20,"msg":"Processed: \u001b[35m_posts/Github-Tips之pull-request-PR.md\u001b[39m","time":"2019-11-24T15:38:32.403Z","v":0}
{"name":"hexo","hostname":"localhost","pid":268,"level":20,"msg":"Processed: \u001b[35m_posts/Github-Tips之快捷键.md\u001b[39m","time":"2019-11-24T15:38:32.403Z","v":0}
{"name":"hexo","hostname":"localhost","pid":268,"level":20,"msg":"Processed: \u001b[35m_posts/Glide4-x在Android-8-0手机上加载图片崩溃问题.md\u001b[39m","time":"2019-11-24T15:38:32.403Z","v":0}
{"name":"hexo","hostname":"localhost","pid":268,"level":20,"msg":"Processed: \u001b[35m_posts/Java代理技术.md\u001b[39m","time":"2019-11-24T15:38:32.403Z","v":0}
{"name":"hexo","hostname":"localhost","pid":268,"level":20,"msg":"Processed: \u001b[35m_posts/科学上网的姿势，帮你解决翻墙上网的烦恼.md\u001b[39m","time":"2019-11-24T15:38:32.404Z","v":0}
{"name":"hexo","hostname":"localhost","pid":268,"level":20,"msg":"Processed: \u001b[35m_posts/我的2017年.md\u001b[39m","time":"2019-11-24T15:38:32.404Z","v":0}
{"name":"hexo","hostname":"localhost","pid":268,"level":20,"msg":"Processed: \u001b[35m_posts/如何打败拖延症.md\u001b[39m","time":"2019-11-24T15:38:32.404Z","v":0}
{"name":"hexo","hostname":"localhost","pid":268,"level":20,"msg":"Processed: \u001b[35mtags/index.md\u001b[39m","time":"2019-11-24T15:38:32.422Z","v":0}
{"name":"hexo","hostname":"localhost","pid":268,"level":20,"msg":"Processed: \u001b[35mcategories/index.md\u001b[39m","time":"2019-11-24T15:38:32.422Z","v":0}
{"name":"hexo","hostname":"localhost","pid":268,"level":20,"msg":"Processed: \u001b[35m_posts/debug.log\u001b[39m","time":"2019-11-24T15:38:32.422Z","v":0}
{"name":"hexo","hostname":"localhost","pid":268,"level":20,"msg":"Processed: \u001b[35msource/404.html\u001b[39m","time":"2019-11-24T15:38:32.423Z","v":0}
{"name":"hexo","hostname":"localhost","pid":268,"level":20,"msg":"Theme config loaded.","time":"2019-11-24T15:38:32.498Z","v":0}
{"name":"hexo","hostname":"localhost","pid":268,"level":20,"msg":"Processed: \u001b[35m_config.yml\u001b[39m","time":"2019-11-24T15:38:32.501Z","v":0}
{"name":"hexo","hostname":"localhost","pid":268,"level":20,"msg":"Processed: \u001b[35msource/css/main.styl\u001b[39m","time":"2019-11-24T15:38:32.502Z","v":0}
{"name":"hexo","hostname":"localhost","pid":268,"level":20,"msg":"Processed: \u001b[35msource/images/algolia_logo.svg\u001b[39m","time":"2019-11-24T15:38:32.503Z","v":0}
{"name":"hexo","hostname":"localhost","pid":268,"level":20,"msg":"Processed: \u001b[35msource/images/avatar.gif\u001b[39m","time":"2019-11-24T15:38:32.504Z","v":0}
{"name":"hexo","hostname":"localhost","pid":268,"level":20,"msg":"Processed: \u001b[35msource/images/cc-by-nc-nd.svg\u001b[39m","time":"2019-11-24T15:38:32.504Z","v":0}
{"name":"hexo","hostname":"localhost","pid":268,"level":20,"msg":"Processed: \u001b[35msource/images/cc-by-nc.svg\u001b[39m","time":"2019-11-24T15:38:32.505Z","v":0}
{"name":"hexo","hostname":"localhost","pid":268,"level":20,"msg":"Processed: \u001b[35msource/images/cc-by-sa.svg\u001b[39m","time":"2019-11-24T15:38:32.505Z","v":0}
{"name":"hexo","hostname":"localhost","pid":268,"level":20,"msg":"Processed: \u001b[35msource/images/cc-by-nd.svg\u001b[39m","time":"2019-11-24T15:38:32.505Z","v":0}
{"name":"hexo","hostname":"localhost","pid":268,"level":20,"msg":"Processed: \u001b[35msource/images/cc-by.svg\u001b[39m","time":"2019-11-24T15:38:32.506Z","v":0}
{"name":"hexo","hostname":"localhost","pid":268,"level":20,"msg":"Processed: \u001b[35msource/images/cc-by-nc-sa.svg\u001b[39m","time":"2019-11-24T15:38:32.506Z","v":0}
{"name":"hexo","hostname":"localhost","pid":268,"level":20,"msg":"Processed: \u001b[35msource/images/loading.gif\u001b[39m","time":"2019-11-24T15:38:32.507Z","v":0}
{"name":"hexo","hostname":"localhost","pid":268,"level":20,"msg":"Processed: \u001b[35msource/images/placeholder.gif\u001b[39m","time":"2019-11-24T15:38:32.507Z","v":0}
{"name":"hexo","hostname":"localhost","pid":268,"level":20,"msg":"Processed: \u001b[35msource/images/cc-zero.svg\u001b[39m","time":"2019-11-24T15:38:32.508Z","v":0}
{"name":"hexo","hostname":"localhost","pid":268,"level":20,"msg":"Processed: \u001b[35msource/images/quote-l.svg\u001b[39m","time":"2019-11-24T15:38:32.508Z","v":0}
{"name":"hexo","hostname":"localhost","pid":268,"level":20,"msg":"Processed: \u001b[35msource/images/searchicon.png\u001b[39m","time":"2019-11-24T15:38:32.508Z","v":0}
{"name":"hexo","hostname":"localhost","pid":268,"level":20,"msg":"Processed: \u001b[35msource/images/quote-r.svg\u001b[39m","time":"2019-11-24T15:38:32.509Z","v":0}
{"name":"hexo","hostname":"localhost","pid":268,"level":20,"msg":"Processed: \u001b[35msource/uploads/avatar.jpg\u001b[39m","time":"2019-11-24T15:38:32.509Z","v":0}
{"name":"hexo","hostname":"localhost","pid":268,"level":20,"msg":"Processed: \u001b[35mlayout/.DS_Store\u001b[39m","time":"2019-11-24T15:38:32.690Z","v":0}
{"name":"hexo","hostname":"localhost","pid":268,"level":20,"msg":"Processed: \u001b[35mlayout/index.swig\u001b[39m","time":"2019-11-24T15:38:32.691Z","v":0}
{"name":"hexo","hostname":"localhost","pid":268,"level":20,"msg":"Processed: \u001b[35mlayout/category.swig\u001b[39m","time":"2019-11-24T15:38:32.691Z","v":0}
{"name":"hexo","hostname":"localhost","pid":268,"level":20,"msg":"Processed: \u001b[35mlayout/_layout.swig\u001b[39m","time":"2019-11-24T15:38:32.691Z","v":0}
{"name":"hexo","hostname":"localhost","pid":268,"level":20,"msg":"Processed: \u001b[35mlayout/post.swig\u001b[39m","time":"2019-11-24T15:38:32.691Z","v":0}
{"name":"hexo","hostname":"localhost","pid":268,"level":20,"msg":"Processed: \u001b[35mlayout/page.swig\u001b[39m","time":"2019-11-24T15:38:32.691Z","v":0}
{"name":"hexo","hostname":"localhost","pid":268,"level":20,"msg":"Processed: \u001b[35mlayout/archive.swig\u001b[39m","time":"2019-11-24T15:38:32.692Z","v":0}
{"name":"hexo","hostname":"localhost","pid":268,"level":20,"msg":"Processed: \u001b[35mlayout/schedule.swig\u001b[39m","time":"2019-11-24T15:38:32.692Z","v":0}
{"name":"hexo","hostname":"localhost","pid":268,"level":20,"msg":"Processed: \u001b[35mlayout/tag.swig\u001b[39m","time":"2019-11-24T15:38:32.692Z","v":0}
{"name":"hexo","hostname":"localhost","pid":268,"level":20,"msg":"Processed: \u001b[35mlanguages/default.yml\u001b[39m","time":"2019-11-24T15:38:32.699Z","v":0}
{"name":"hexo","hostname":"localhost","pid":268,"level":20,"msg":"Processed: \u001b[35mlanguages/en.yml\u001b[39m","time":"2019-11-24T15:38:32.700Z","v":0}
{"name":"hexo","hostname":"localhost","pid":268,"level":20,"msg":"Processed: \u001b[35mlanguages/fr-FR.yml\u001b[39m","time":"2019-11-24T15:38:32.700Z","v":0}
{"name":"hexo","hostname":"localhost","pid":268,"level":20,"msg":"Processed: \u001b[35mlanguages/ja.yml\u001b[39m","time":"2019-11-24T15:38:32.700Z","v":0}
{"name":"hexo","hostname":"localhost","pid":268,"level":20,"msg":"Processed: \u001b[35mlanguages/ko.yml\u001b[39m","time":"2019-11-24T15:38:32.700Z","v":0}
{"name":"hexo","hostname":"localhost","pid":268,"level":20,"msg":"Processed: \u001b[35mlanguages/.DS_Store\u001b[39m","time":"2019-11-24T15:38:32.700Z","v":0}
{"name":"hexo","hostname":"localhost","pid":268,"level":20,"msg":"Processed: \u001b[35mlanguages/id.yml\u001b[39m","time":"2019-11-24T15:38:32.700Z","v":0}
{"name":"hexo","hostname":"localhost","pid":268,"level":20,"msg":"Processed: \u001b[35mlanguages/de.yml\u001b[39m","time":"2019-11-24T15:38:32.700Z","v":0}
{"name":"hexo","hostname":"localhost","pid":268,"level":20,"msg":"Processed: \u001b[35mlanguages/pt-BR.yml\u001b[39m","time":"2019-11-24T15:38:32.700Z","v":0}
{"name":"hexo","hostname":"localhost","pid":268,"level":20,"msg":"Processed: \u001b[35mlanguages/ru.yml\u001b[39m","time":"2019-11-24T15:38:32.700Z","v":0}
{"name":"hexo","hostname":"localhost","pid":268,"level":20,"msg":"Processed: \u001b[35mlanguages/pt.yml\u001b[39m","time":"2019-11-24T15:38:32.700Z","v":0}
{"name":"hexo","hostname":"localhost","pid":268,"level":20,"msg":"Processed: \u001b[35mlanguages/zh-Hans.yml\u001b[39m","time":"2019-11-24T15:38:32.700Z","v":0}
{"name":"hexo","hostname":"localhost","pid":268,"level":20,"msg":"Processed: \u001b[35mlanguages/zh-tw.yml\u001b[39m","time":"2019-11-24T15:38:32.700Z","v":0}
{"name":"hexo","hostname":"localhost","pid":268,"level":20,"msg":"Processed: \u001b[35mlanguages/zh-hk.yml\u001b[39m","time":"2019-11-24T15:38:32.700Z","v":0}
{"name":"hexo","hostname":"localhost","pid":268,"level":20,"msg":"Processed: \u001b[35msource/js/src/affix.js\u001b[39m","time":"2019-11-24T15:38:32.701Z","v":0}
{"name":"hexo","hostname":"localhost","pid":268,"level":20,"msg":"Processed: \u001b[35msource/js/src/bootstrap.js\u001b[39m","time":"2019-11-24T15:38:32.701Z","v":0}
{"name":"hexo","hostname":"localhost","pid":268,"level":20,"msg":"Processed: \u001b[35msource/js/src/algolia-search.js\u001b[39m","time":"2019-11-24T15:38:32.701Z","v":0}
{"name":"hexo","hostname":"localhost","pid":268,"level":20,"msg":"Processed: \u001b[35msource/js/src/hook-duoshuo.js\u001b[39m","time":"2019-11-24T15:38:32.701Z","v":0}
{"name":"hexo","hostname":"localhost","pid":268,"level":20,"msg":"Processed: \u001b[35msource/js/src/motion.js\u001b[39m","time":"2019-11-24T15:38:32.702Z","v":0}
{"name":"hexo","hostname":"localhost","pid":268,"level":20,"msg":"Processed: \u001b[35msource/js/src/post-details.js\u001b[39m","time":"2019-11-24T15:38:32.702Z","v":0}
{"name":"hexo","hostname":"localhost","pid":268,"level":20,"msg":"Processed: \u001b[35msource/js/src/scrollspy.js\u001b[39m","time":"2019-11-24T15:38:32.704Z","v":0}
{"name":"hexo","hostname":"localhost","pid":268,"level":20,"msg":"Processed: \u001b[35msource/js/src/exturl.js\u001b[39m","time":"2019-11-24T15:38:32.704Z","v":0}
{"name":"hexo","hostname":"localhost","pid":268,"level":20,"msg":"Processed: \u001b[35msource/js/src/utils.js\u001b[39m","time":"2019-11-24T15:38:32.704Z","v":0}
{"name":"hexo","hostname":"localhost","pid":268,"level":20,"msg":"Processed: \u001b[35msource/lib/algolia-instant-search/instantsearch.min.css\u001b[39m","time":"2019-11-24T15:38:32.705Z","v":0}
{"name":"hexo","hostname":"localhost","pid":268,"level":20,"msg":"Processed: \u001b[35msource/lib/canvas-nest/canvas-nest.min.js\u001b[39m","time":"2019-11-24T15:38:32.705Z","v":0}
{"name":"hexo","hostname":"localhost","pid":268,"level":20,"msg":"Processed: \u001b[35msource/lib/fastclick/README.md\u001b[39m","time":"2019-11-24T15:38:32.707Z","v":0}
{"name":"hexo","hostname":"localhost","pid":268,"level":20,"msg":"Processed: \u001b[35msource/lib/fastclick/bower.json\u001b[39m","time":"2019-11-24T15:38:32.716Z","v":0}
{"name":"hexo","hostname":"localhost","pid":268,"level":20,"msg":"Processed: \u001b[35msource/lib/fastclick/LICENSE\u001b[39m","time":"2019-11-24T15:38:32.717Z","v":0}
{"name":"hexo","hostname":"localhost","pid":268,"level":20,"msg":"Processed: \u001b[35msource/lib/font-awesome/HELP-US-OUT.txt\u001b[39m","time":"2019-11-24T15:38:32.717Z","v":0}
{"name":"hexo","hostname":"localhost","pid":268,"level":20,"msg":"Processed: \u001b[35msource/lib/font-awesome/bower.json\u001b[39m","time":"2019-11-24T15:38:32.717Z","v":0}
{"name":"hexo","hostname":"localhost","pid":268,"level":20,"msg":"Processed: \u001b[35msource/lib/jquery_lazyload/CONTRIBUTING.md\u001b[39m","time":"2019-11-24T15:38:32.718Z","v":0}
{"name":"hexo","hostname":"localhost","pid":268,"level":20,"msg":"Processed: \u001b[35msource/lib/jquery_lazyload/README.md\u001b[39m","time":"2019-11-24T15:38:32.718Z","v":0}
{"name":"hexo","hostname":"localhost","pid":268,"level":20,"msg":"Processed: \u001b[35msource/lib/jquery_lazyload/jquery.lazyload.js\u001b[39m","time":"2019-11-24T15:38:32.718Z","v":0}
{"name":"hexo","hostname":"localhost","pid":268,"level":20,"msg":"Processed: \u001b[35msource/lib/jquery_lazyload/bower.json\u001b[39m","time":"2019-11-24T15:38:32.719Z","v":0}
{"name":"hexo","hostname":"localhost","pid":268,"level":20,"msg":"Processed: \u001b[35msource/lib/jquery_lazyload/jquery.scrollstop.js\u001b[39m","time":"2019-11-24T15:38:32.719Z","v":0}
{"name":"hexo","hostname":"localhost","pid":268,"level":20,"msg":"Processed: \u001b[35msource/lib/velocity/velocity.min.js\u001b[39m","time":"2019-11-24T15:38:32.719Z","v":0}
{"name":"hexo","hostname":"localhost","pid":268,"level":20,"msg":"Processed: \u001b[35msource/lib/velocity/velocity.ui.min.js\u001b[39m","time":"2019-11-24T15:38:32.719Z","v":0}
{"name":"hexo","hostname":"localhost","pid":268,"level":20,"msg":"Processed: \u001b[35msource/lib/velocity/bower.json\u001b[39m","time":"2019-11-24T15:38:32.720Z","v":0}
{"name":"hexo","hostname":"localhost","pid":268,"level":20,"msg":"Processed: \u001b[35msource/lib/velocity/velocity.ui.js\u001b[39m","time":"2019-11-24T15:38:32.720Z","v":0}
{"name":"hexo","hostname":"localhost","pid":268,"level":20,"msg":"Processed: \u001b[35msource/lib/jquery/index.js\u001b[39m","time":"2019-11-24T15:38:32.730Z","v":0}
{"name":"hexo","hostname":"localhost","pid":268,"level":20,"msg":"Processed: \u001b[35mlayout/_custom/header.swig\u001b[39m","time":"2019-11-24T15:38:32.776Z","v":0}
{"name":"hexo","hostname":"localhost","pid":268,"level":20,"msg":"Processed: \u001b[35mlayout/_custom/sidebar.swig\u001b[39m","time":"2019-11-24T15:38:32.777Z","v":0}
{"name":"hexo","hostname":"localhost","pid":268,"level":20,"msg":"Processed: \u001b[35mlayout/_macro/reward.swig\u001b[39m","time":"2019-11-24T15:38:32.777Z","v":0}
{"name":"hexo","hostname":"localhost","pid":268,"level":20,"msg":"Processed: \u001b[35mlayout/_macro/wechat-subscriber.swig\u001b[39m","time":"2019-11-24T15:38:32.777Z","v":0}
{"name":"hexo","hostname":"localhost","pid":268,"level":20,"msg":"Processed: \u001b[35mlayout/_scripts/baidu-push.swig\u001b[39m","time":"2019-11-24T15:38:32.777Z","v":0}
{"name":"hexo","hostname":"localhost","pid":268,"level":20,"msg":"Processed: \u001b[35mlayout/_scripts/boostrap.swig\u001b[39m","time":"2019-11-24T15:38:32.777Z","v":0}
{"name":"hexo","hostname":"localhost","pid":268,"level":20,"msg":"Processed: \u001b[35mlayout/_scripts/commons.swig\u001b[39m","time":"2019-11-24T15:38:32.777Z","v":0}
{"name":"hexo","hostname":"localhost","pid":268,"level":20,"msg":"Processed: \u001b[35mlayout/_macro/post-collapse.swig\u001b[39m","time":"2019-11-24T15:38:32.777Z","v":0}
{"name":"hexo","hostname":"localhost","pid":268,"level":20,"msg":"Processed: \u001b[35mlayout/_macro/sidebar.swig\u001b[39m","time":"2019-11-24T15:38:32.777Z","v":0}
{"name":"hexo","hostname":"localhost","pid":268,"level":20,"msg":"Processed: \u001b[35mlayout/_macro/post.swig\u001b[39m","time":"2019-11-24T15:38:32.777Z","v":0}
{"name":"hexo","hostname":"localhost","pid":268,"level":20,"msg":"Processed: \u001b[35mlayout/_scripts/vendors.swig\u001b[39m","time":"2019-11-24T15:38:32.777Z","v":0}
{"name":"hexo","hostname":"localhost","pid":268,"level":20,"msg":"Processed: \u001b[35mlayout/_partials/comments.swig\u001b[39m","time":"2019-11-24T15:38:32.777Z","v":0}
{"name":"hexo","hostname":"localhost","pid":268,"level":20,"msg":"Processed: \u001b[35mlayout/_partials/duoshuo-hot-articles.swig\u001b[39m","time":"2019-11-24T15:38:32.777Z","v":0}
{"name":"hexo","hostname":"localhost","pid":268,"level":20,"msg":"Processed: \u001b[35mlayout/_partials/footer.swig\u001b[39m","time":"2019-11-24T15:38:32.777Z","v":0}
{"name":"hexo","hostname":"localhost","pid":268,"level":20,"msg":"Processed: \u001b[35mlayout/_partials/header.swig\u001b[39m","time":"2019-11-24T15:38:32.777Z","v":0}
{"name":"hexo","hostname":"localhost","pid":268,"level":20,"msg":"Processed: \u001b[35mlayout/_partials/head.swig\u001b[39m","time":"2019-11-24T15:38:32.777Z","v":0}
{"name":"hexo","hostname":"localhost","pid":268,"level":20,"msg":"Processed: \u001b[35mlayout/_partials/page-header.swig\u001b[39m","time":"2019-11-24T15:38:32.777Z","v":0}
{"name":"hexo","hostname":"localhost","pid":268,"level":20,"msg":"Processed: \u001b[35mlayout/_partials/pagination.swig\u001b[39m","time":"2019-11-24T15:38:32.777Z","v":0}
{"name":"hexo","hostname":"localhost","pid":268,"level":20,"msg":"Processed: \u001b[35mlayout/_partials/search.swig\u001b[39m","time":"2019-11-24T15:38:32.777Z","v":0}
{"name":"hexo","hostname":"localhost","pid":268,"level":20,"msg":"Processed: \u001b[35msource/js/src/schemes/pisces.js\u001b[39m","time":"2019-11-24T15:38:32.784Z","v":0}
{"name":"hexo","hostname":"localhost","pid":268,"level":20,"msg":"Processed: \u001b[35msource/lib/fancybox/source/fancybox_loading.gif\u001b[39m","time":"2019-11-24T15:38:32.785Z","v":0}
{"name":"hexo","hostname":"localhost","pid":268,"level":20,"msg":"Processed: \u001b[35msource/lib/fancybox/source/blank.gif\u001b[39m","time":"2019-11-24T15:38:32.785Z","v":0}
{"name":"hexo","hostname":"localhost","pid":268,"level":20,"msg":"Processed: \u001b[35msource/lib/fancybox/source/fancybox_loading@2x.gif\u001b[39m","time":"2019-11-24T15:38:32.785Z","v":0}
{"name":"hexo","hostname":"localhost","pid":268,"level":20,"msg":"Processed: \u001b[35msource/lib/fancybox/source/fancybox_overlay.png\u001b[39m","time":"2019-11-24T15:38:32.788Z","v":0}
{"name":"hexo","hostname":"localhost","pid":268,"level":20,"msg":"Processed: \u001b[35msource/lib/fancybox/source/fancybox_sprite.png\u001b[39m","time":"2019-11-24T15:38:32.788Z","v":0}
{"name":"hexo","hostname":"localhost","pid":268,"level":20,"msg":"Processed: \u001b[35msource/lib/fancybox/source/fancybox_sprite@2x.png\u001b[39m","time":"2019-11-24T15:38:32.788Z","v":0}
{"name":"hexo","hostname":"localhost","pid":268,"level":20,"msg":"Processed: \u001b[35msource/lib/fancybox/source/jquery.fancybox.css\u001b[39m","time":"2019-11-24T15:38:32.788Z","v":0}
{"name":"hexo","hostname":"localhost","pid":268,"level":20,"msg":"Processed: \u001b[35msource/lib/fancybox/source/jquery.fancybox.pack.js\u001b[39m","time":"2019-11-24T15:38:32.788Z","v":0}
{"name":"hexo","hostname":"localhost","pid":268,"level":20,"msg":"Processed: \u001b[35msource/lib/fancybox/source/jquery.fancybox.js\u001b[39m","time":"2019-11-24T15:38:32.789Z","v":0}
{"name":"hexo","hostname":"localhost","pid":268,"level":20,"msg":"Processed: \u001b[35msource/lib/fastclick/lib/fastclick.min.js\u001b[39m","time":"2019-11-24T15:38:32.789Z","v":0}
{"name":"hexo","hostname":"localhost","pid":268,"level":20,"msg":"Processed: \u001b[35msource/lib/fastclick/lib/fastclick.js\u001b[39m","time":"2019-11-24T15:38:32.789Z","v":0}
{"name":"hexo","hostname":"localhost","pid":268,"level":20,"msg":"Processed: \u001b[35msource/lib/font-awesome/css/font-awesome.min.css\u001b[39m","time":"2019-11-24T15:38:32.789Z","v":0}
{"name":"hexo","hostname":"localhost","pid":268,"level":20,"msg":"Processed: \u001b[35msource/lib/font-awesome/css/font-awesome.css.map\u001b[39m","time":"2019-11-24T15:38:32.789Z","v":0}
{"name":"hexo","hostname":"localhost","pid":268,"level":20,"msg":"Processed: \u001b[35msource/lib/font-awesome/css/font-awesome.css\u001b[39m","time":"2019-11-24T15:38:32.789Z","v":0}
{"name":"hexo","hostname":"localhost","pid":268,"level":20,"msg":"Processed: \u001b[35msource/lib/ua-parser-js/dist/ua-parser.min.js\u001b[39m","time":"2019-11-24T15:38:32.789Z","v":0}
{"name":"hexo","hostname":"localhost","pid":268,"level":20,"msg":"Processed: \u001b[35msource/lib/ua-parser-js/dist/ua-parser.pack.js\u001b[39m","time":"2019-11-24T15:38:32.789Z","v":0}
{"name":"hexo","hostname":"localhost","pid":268,"level":20,"msg":"Processed: \u001b[35mlayout/_scripts/schemes/mist.swig\u001b[39m","time":"2019-11-24T15:38:32.797Z","v":0}
{"name":"hexo","hostname":"localhost","pid":268,"level":20,"msg":"Processed: \u001b[35mlayout/_scripts/schemes/muse.swig\u001b[39m","time":"2019-11-24T15:38:32.797Z","v":0}
{"name":"hexo","hostname":"localhost","pid":268,"level":20,"msg":"Processed: \u001b[35msource/lib/font-awesome/fonts/fontawesome-webfont.woff2\u001b[39m","time":"2019-11-24T15:38:32.798Z","v":0}
{"name":"hexo","hostname":"localhost","pid":268,"level":20,"msg":"Processed: \u001b[35msource/lib/font-awesome/fonts/FontAwesome.otf\u001b[39m","time":"2019-11-24T15:38:32.800Z","v":0}
{"name":"hexo","hostname":"localhost","pid":268,"level":20,"msg":"Processed: \u001b[35msource/lib/font-awesome/fonts/fontawesome-webfont.eot\u001b[39m","time":"2019-11-24T15:38:32.801Z","v":0}
{"name":"hexo","hostname":"localhost","pid":268,"level":20,"msg":"Processed: \u001b[35msource/lib/font-awesome/fonts/fontawesome-webfont.woff\u001b[39m","time":"2019-11-24T15:38:32.801Z","v":0}
{"name":"hexo","hostname":"localhost","pid":268,"level":20,"msg":"Processed: \u001b[35msource/lib/velocity/velocity.js\u001b[39m","time":"2019-11-24T15:38:32.801Z","v":0}
{"name":"hexo","hostname":"localhost","pid":268,"level":20,"msg":"Processed: \u001b[35mlayout/_components/algolia-search/dom.swig\u001b[39m","time":"2019-11-24T15:38:32.822Z","v":0}
{"name":"hexo","hostname":"localhost","pid":268,"level":20,"msg":"Processed: \u001b[35mlayout/_scripts/pages/post-details.swig\u001b[39m","time":"2019-11-24T15:38:32.822Z","v":0}
{"name":"hexo","hostname":"localhost","pid":268,"level":20,"msg":"Processed: \u001b[35mlayout/_scripts/third-party/analytics.swig\u001b[39m","time":"2019-11-24T15:38:32.823Z","v":0}
{"name":"hexo","hostname":"localhost","pid":268,"level":20,"msg":"Processed: \u001b[35mlayout/_scripts/third-party/comments.swig\u001b[39m","time":"2019-11-24T15:38:32.823Z","v":0}
{"name":"hexo","hostname":"localhost","pid":268,"level":20,"msg":"Processed: \u001b[35mlayout/_scripts/third-party/lean-analytics.swig\u001b[39m","time":"2019-11-24T15:38:32.823Z","v":0}
{"name":"hexo","hostname":"localhost","pid":268,"level":20,"msg":"Processed: \u001b[35mlayout/_scripts/third-party/localsearch.swig\u001b[39m","time":"2019-11-24T15:38:32.823Z","v":0}
{"name":"hexo","hostname":"localhost","pid":268,"level":20,"msg":"Processed: \u001b[35mlayout/_scripts/third-party/mathjax.swig\u001b[39m","time":"2019-11-24T15:38:32.823Z","v":0}
{"name":"hexo","hostname":"localhost","pid":268,"level":20,"msg":"Processed: \u001b[35mlayout/_scripts/third-party/tinysou.swig\u001b[39m","time":"2019-11-24T15:38:32.823Z","v":0}
{"name":"hexo","hostname":"localhost","pid":268,"level":20,"msg":"Processed: \u001b[35mlayout/_scripts/schemes/pisces.swig\u001b[39m","time":"2019-11-24T15:38:32.823Z","v":0}
{"name":"hexo","hostname":"localhost","pid":268,"level":20,"msg":"Processed: \u001b[35mlayout/_partials/head/custom-head.swig\u001b[39m","time":"2019-11-24T15:38:32.823Z","v":0}
{"name":"hexo","hostname":"localhost","pid":268,"level":20,"msg":"Processed: \u001b[35mlayout/_scripts/third-party/schedule.swig\u001b[39m","time":"2019-11-24T15:38:32.823Z","v":0}
{"name":"hexo","hostname":"localhost","pid":268,"level":20,"msg":"Processed: \u001b[35mlayout/_partials/head/external-fonts.swig\u001b[39m","time":"2019-11-24T15:38:32.823Z","v":0}
{"name":"hexo","hostname":"localhost","pid":268,"level":20,"msg":"Processed: \u001b[35mlayout/_components/algolia-search/assets.swig\u001b[39m","time":"2019-11-24T15:38:32.823Z","v":0}
{"name":"hexo","hostname":"localhost","pid":268,"level":20,"msg":"Processed: \u001b[35mlayout/_partials/search/localsearch.swig\u001b[39m","time":"2019-11-24T15:38:32.823Z","v":0}
{"name":"hexo","hostname":"localhost","pid":268,"level":20,"msg":"Processed: \u001b[35mlayout/_partials/search/swiftype.swig\u001b[39m","time":"2019-11-24T15:38:32.823Z","v":0}
{"name":"hexo","hostname":"localhost","pid":268,"level":20,"msg":"Processed: \u001b[35mlayout/_partials/share/add-this.swig\u001b[39m","time":"2019-11-24T15:38:32.823Z","v":0}
{"name":"hexo","hostname":"localhost","pid":268,"level":20,"msg":"Processed: \u001b[35mlayout/_partials/search/tinysou.swig\u001b[39m","time":"2019-11-24T15:38:32.823Z","v":0}
{"name":"hexo","hostname":"localhost","pid":268,"level":20,"msg":"Processed: \u001b[35mlayout/_partials/share/baidushare.swig\u001b[39m","time":"2019-11-24T15:38:32.823Z","v":0}
{"name":"hexo","hostname":"localhost","pid":268,"level":20,"msg":"Processed: \u001b[35mlayout/_partials/share/duoshuo_share.swig\u001b[39m","time":"2019-11-24T15:38:32.823Z","v":0}
{"name":"hexo","hostname":"localhost","pid":268,"level":20,"msg":"Processed: \u001b[35mlayout/_partials/share/jiathis.swig\u001b[39m","time":"2019-11-24T15:38:32.823Z","v":0}
{"name":"hexo","hostname":"localhost","pid":268,"level":20,"msg":"Processed: \u001b[35msource/lib/fancybox/source/helpers/fancybox_buttons.png\u001b[39m","time":"2019-11-24T15:38:32.835Z","v":0}
{"name":"hexo","hostname":"localhost","pid":268,"level":20,"msg":"Processed: \u001b[35msource/lib/fancybox/source/helpers/jquery.fancybox-buttons.css\u001b[39m","time":"2019-11-24T15:38:32.835Z","v":0}
{"name":"hexo","hostname":"localhost","pid":268,"level":20,"msg":"Processed: \u001b[35msource/lib/fancybox/source/helpers/jquery.fancybox-media.js\u001b[39m","time":"2019-11-24T15:38:32.836Z","v":0}
{"name":"hexo","hostname":"localhost","pid":268,"level":20,"msg":"Processed: \u001b[35msource/lib/fancybox/source/helpers/jquery.fancybox-buttons.js\u001b[39m","time":"2019-11-24T15:38:32.836Z","v":0}
{"name":"hexo","hostname":"localhost","pid":268,"level":20,"msg":"Processed: \u001b[35msource/lib/fancybox/source/helpers/jquery.fancybox-thumbs.css\u001b[39m","time":"2019-11-24T15:38:32.836Z","v":0}
{"name":"hexo","hostname":"localhost","pid":268,"level":20,"msg":"Processed: \u001b[35msource/lib/fancybox/source/helpers/jquery.fancybox-thumbs.js\u001b[39m","time":"2019-11-24T15:38:32.837Z","v":0}
{"name":"hexo","hostname":"localhost","pid":268,"level":20,"msg":"Processed: \u001b[35msource/lib/font-awesome/fonts/fontawesome-webfont.ttf\u001b[39m","time":"2019-11-24T15:38:32.837Z","v":0}
{"name":"hexo","hostname":"localhost","pid":268,"level":20,"msg":"Processed: \u001b[35mlayout/_scripts/third-party/analytics/application-insights.swig\u001b[39m","time":"2019-11-24T15:38:32.855Z","v":0}
{"name":"hexo","hostname":"localhost","pid":268,"level":20,"msg":"Processed: \u001b[35mlayout/_scripts/third-party/analytics/busuanzi-counter.swig\u001b[39m","time":"2019-11-24T15:38:32.856Z","v":0}
{"name":"hexo","hostname":"localhost","pid":268,"level":20,"msg":"Processed: \u001b[35mlayout/_scripts/third-party/analytics/cnzz-analytics.swig\u001b[39m","time":"2019-11-24T15:38:32.856Z","v":0}
{"name":"hexo","hostname":"localhost","pid":268,"level":20,"msg":"Processed: \u001b[35mlayout/_scripts/third-party/analytics/baidu-analytics.swig\u001b[39m","time":"2019-11-24T15:38:32.856Z","v":0}
{"name":"hexo","hostname":"localhost","pid":268,"level":20,"msg":"Processed: \u001b[35mlayout/_scripts/third-party/analytics/facebook-sdk.swig\u001b[39m","time":"2019-11-24T15:38:32.856Z","v":0}
{"name":"hexo","hostname":"localhost","pid":268,"level":20,"msg":"Processed: \u001b[35mlayout/_scripts/third-party/analytics/google-analytics.swig\u001b[39m","time":"2019-11-24T15:38:32.856Z","v":0}
{"name":"hexo","hostname":"localhost","pid":268,"level":20,"msg":"Processed: \u001b[35mlayout/_scripts/third-party/analytics/tencent-analytics.swig\u001b[39m","time":"2019-11-24T15:38:32.856Z","v":0}
{"name":"hexo","hostname":"localhost","pid":268,"level":20,"msg":"Processed: \u001b[35mlayout/_scripts/third-party/analytics/tencent-mta.swig\u001b[39m","time":"2019-11-24T15:38:32.856Z","v":0}
{"name":"hexo","hostname":"localhost","pid":268,"level":20,"msg":"Processed: \u001b[35mlayout/_scripts/third-party/analytics/vkontakte-api.swig\u001b[39m","time":"2019-11-24T15:38:32.856Z","v":0}
{"name":"hexo","hostname":"localhost","pid":268,"level":20,"msg":"Processed: \u001b[35mlayout/_scripts/third-party/comments/disqus.swig\u001b[39m","time":"2019-11-24T15:38:32.856Z","v":0}
{"name":"hexo","hostname":"localhost","pid":268,"level":20,"msg":"Processed: \u001b[35mlayout/_scripts/third-party/comments/duoshuo.swig\u001b[39m","time":"2019-11-24T15:38:32.856Z","v":0}
{"name":"hexo","hostname":"localhost","pid":268,"level":20,"msg":"Processed: \u001b[35mlayout/_scripts/third-party/comments/gentie.swig\u001b[39m","time":"2019-11-24T15:38:32.856Z","v":0}
{"name":"hexo","hostname":"localhost","pid":268,"level":20,"msg":"Processed: \u001b[35mlayout/_scripts/third-party/comments/youyan.swig\u001b[39m","time":"2019-11-24T15:38:32.856Z","v":0}
{"name":"hexo","hostname":"localhost","pid":268,"level":20,"msg":"Processed: \u001b[35mlayout/_scripts/third-party/comments/hypercomments.swig\u001b[39m","time":"2019-11-24T15:38:32.856Z","v":0}
{"name":"hexo","hostname":"localhost","pid":268,"level":20,"msg":"Processed: \u001b[35mlayout/_scripts/third-party/comments/livere.swig\u001b[39m","time":"2019-11-24T15:38:32.857Z","v":0}
{"name":"hexo","hostname":"localhost","pid":268,"level":20,"msg":"Processed: \u001b[35msource/lib/algolia-instant-search/instantsearch.min.js\u001b[39m","time":"2019-11-24T15:38:32.857Z","v":0}
{"name":"hexo","hostname":"localhost","pid":268,"level":20,"msg":"Processed: \u001b[35msource/lib/font-awesome/fonts/fontawesome-webfont.svg\u001b[39m","time":"2019-11-24T15:38:32.858Z","v":0}
{"name":"hexo","hostname":"localhost","pid":268,"level":20,"msg":"Generator: \u001b[35mpage\u001b[39m","time":"2019-11-24T15:38:32.997Z","v":0}
{"name":"hexo","hostname":"localhost","pid":268,"level":20,"msg":"Generator: \u001b[35mpost\u001b[39m","time":"2019-11-24T15:38:32.998Z","v":0}
{"name":"hexo","hostname":"localhost","pid":268,"level":20,"msg":"Generator: \u001b[35mindex\u001b[39m","time":"2019-11-24T15:38:32.998Z","v":0}
{"name":"hexo","hostname":"localhost","pid":268,"level":20,"msg":"Generator: \u001b[35mtag\u001b[39m","time":"2019-11-24T15:38:32.998Z","v":0}
{"name":"hexo","hostname":"localhost","pid":268,"level":20,"msg":"Generator: \u001b[35mcategory\u001b[39m","time":"2019-11-24T15:38:32.998Z","v":0}
{"name":"hexo","hostname":"localhost","pid":268,"level":20,"msg":"Generator: \u001b[35marchive\u001b[39m","time":"2019-11-24T15:38:32.998Z","v":0}
{"name":"hexo","hostname":"localhost","pid":268,"level":20,"msg":"Generator: \u001b[35masset\u001b[39m","time":"2019-11-24T15:38:32.999Z","v":0}
{"name":"hexo","hostname":"localhost","pid":268,"level":30,"msg":"Hexo is running at \u001b[4mhttp://localhost:4000/\u001b[24m. Press Ctrl+C to stop.","time":"2019-11-24T15:38:33.020Z","v":0}
{"name":"hexo","hostname":"localhost","pid":268,"level":20,"msg":"Database saved","time":"2019-11-24T15:38:33.043Z","v":0}
{"name":"hexo","hostname":"localhost","pid":268,"level":30,"msg":"See you again","time":"2019-11-24T15:38:33.397Z","v":0}
{"name":"hexo","hostname":"localhost","pid":268,"level":20,"msg":"Database saved","time":"2019-11-24T15:38:33.413Z","v":0}
